<?xml version="1.0" encoding="UTF-8"?>
<testsuite xmlns:xsi="http://www.w3.org/2001/XMLSchema-instance" xsi:noNamespaceSchemaLocation="https://maven.apache.org/surefire/maven-surefire-plugin/xsd/surefire-test-report-3.0.xsd" version="3.0" name="com.example.dashboard.DashBoardControllerTests" time="1" tests="32" errors="0" skipped="0" failures="0">
  <properties>
    <property name="java.specification.version" value="17"/>
    <property name="sun.jnu.encoding" value="UTF-8"/>
    <property name="java.class.path" value="/home/akhila03/Downloads/CapstoneProject/Capstone/dashboard/target/test-classes:/home/akhila03/Downloads/CapstoneProject/Capstone/dashboard/target/classes:/home/akhila03/.m2/repository/org/slf4j/slf4j-api/2.0.9/slf4j-api-2.0.9.jar:/home/akhila03/.m2/repository/org/springdoc/springdoc-openapi-starter-webmvc-ui/2.2.0/springdoc-openapi-starter-webmvc-ui-2.2.0.jar:/home/akhila03/.m2/repository/org/springdoc/springdoc-openapi-starter-webmvc-api/2.2.0/springdoc-openapi-starter-webmvc-api-2.2.0.jar:/home/akhila03/.m2/repository/org/springdoc/springdoc-openapi-starter-common/2.2.0/springdoc-openapi-starter-common-2.2.0.jar:/home/akhila03/.m2/repository/io/swagger/core/v3/swagger-core-jakarta/2.2.15/swagger-core-jakarta-2.2.15.jar:/home/akhila03/.m2/repository/io/swagger/core/v3/swagger-annotations-jakarta/2.2.15/swagger-annotations-jakarta-2.2.15.jar:/home/akhila03/.m2/repository/io/swagger/core/v3/swagger-models-jakarta/2.2.15/swagger-models-jakarta-2.2.15.jar:/home/akhila03/.m2/repository/com/fasterxml/jackson/dataformat/jackson-dataformat-yaml/2.15.2/jackson-dataformat-yaml-2.15.2.jar:/home/akhila03/.m2/repository/org/webjars/swagger-ui/5.2.0/swagger-ui-5.2.0.jar:/home/akhila03/.m2/repository/org/springframework/boot/spring-boot-starter-data-mongodb/3.1.4/spring-boot-starter-data-mongodb-3.1.4.jar:/home/akhila03/.m2/repository/org/springframework/boot/spring-boot-starter/3.1.4/spring-boot-starter-3.1.4.jar:/home/akhila03/.m2/repository/org/springframework/boot/spring-boot/3.1.4/spring-boot-3.1.4.jar:/home/akhila03/.m2/repository/org/springframework/boot/spring-boot-autoconfigure/3.1.4/spring-boot-autoconfigure-3.1.4.jar:/home/akhila03/.m2/repository/org/springframework/boot/spring-boot-starter-logging/3.1.4/spring-boot-starter-logging-3.1.4.jar:/home/akhila03/.m2/repository/ch/qos/logback/logback-classic/1.4.11/logback-classic-1.4.11.jar:/home/akhila03/.m2/repository/ch/qos/logback/logback-core/1.4.11/logback-core-1.4.11.jar:/home/akhila03/.m2/repository/org/apache/logging/log4j/log4j-to-slf4j/2.20.0/log4j-to-slf4j-2.20.0.jar:/home/akhila03/.m2/repository/org/apache/logging/log4j/log4j-api/2.20.0/log4j-api-2.20.0.jar:/home/akhila03/.m2/repository/org/slf4j/jul-to-slf4j/2.0.9/jul-to-slf4j-2.0.9.jar:/home/akhila03/.m2/repository/jakarta/annotation/jakarta.annotation-api/2.1.1/jakarta.annotation-api-2.1.1.jar:/home/akhila03/.m2/repository/org/yaml/snakeyaml/1.33/snakeyaml-1.33.jar:/home/akhila03/.m2/repository/org/mongodb/mongodb-driver-sync/4.9.1/mongodb-driver-sync-4.9.1.jar:/home/akhila03/.m2/repository/org/mongodb/bson/4.9.1/bson-4.9.1.jar:/home/akhila03/.m2/repository/org/mongodb/mongodb-driver-core/4.9.1/mongodb-driver-core-4.9.1.jar:/home/akhila03/.m2/repository/org/mongodb/bson-record-codec/4.9.1/bson-record-codec-4.9.1.jar:/home/akhila03/.m2/repository/org/springframework/data/spring-data-mongodb/4.1.4/spring-data-mongodb-4.1.4.jar:/home/akhila03/.m2/repository/org/springframework/spring-tx/6.0.12/spring-tx-6.0.12.jar:/home/akhila03/.m2/repository/org/springframework/spring-context/6.0.12/spring-context-6.0.12.jar:/home/akhila03/.m2/repository/org/springframework/spring-beans/6.0.12/spring-beans-6.0.12.jar:/home/akhila03/.m2/repository/org/springframework/spring-expression/6.0.12/spring-expression-6.0.12.jar:/home/akhila03/.m2/repository/org/springframework/data/spring-data-commons/3.1.4/spring-data-commons-3.1.4.jar:/home/akhila03/.m2/repository/org/springframework/boot/spring-boot-starter-web/3.1.4/spring-boot-starter-web-3.1.4.jar:/home/akhila03/.m2/repository/org/springframework/boot/spring-boot-starter-json/3.1.4/spring-boot-starter-json-3.1.4.jar:/home/akhila03/.m2/repository/com/fasterxml/jackson/core/jackson-databind/2.15.2/jackson-databind-2.15.2.jar:/home/akhila03/.m2/repository/com/fasterxml/jackson/core/jackson-annotations/2.15.2/jackson-annotations-2.15.2.jar:/home/akhila03/.m2/repository/com/fasterxml/jackson/core/jackson-core/2.15.2/jackson-core-2.15.2.jar:/home/akhila03/.m2/repository/com/fasterxml/jackson/datatype/jackson-datatype-jdk8/2.15.2/jackson-datatype-jdk8-2.15.2.jar:/home/akhila03/.m2/repository/com/fasterxml/jackson/datatype/jackson-datatype-jsr310/2.15.2/jackson-datatype-jsr310-2.15.2.jar:/home/akhila03/.m2/repository/com/fasterxml/jackson/module/jackson-module-parameter-names/2.15.2/jackson-module-parameter-names-2.15.2.jar:/home/akhila03/.m2/repository/org/springframework/boot/spring-boot-starter-tomcat/3.1.4/spring-boot-starter-tomcat-3.1.4.jar:/home/akhila03/.m2/repository/org/apache/tomcat/embed/tomcat-embed-core/10.1.13/tomcat-embed-core-10.1.13.jar:/home/akhila03/.m2/repository/org/apache/tomcat/embed/tomcat-embed-websocket/10.1.13/tomcat-embed-websocket-10.1.13.jar:/home/akhila03/.m2/repository/org/springframework/spring-web/6.0.12/spring-web-6.0.12.jar:/home/akhila03/.m2/repository/io/micrometer/micrometer-observation/1.11.4/micrometer-observation-1.11.4.jar:/home/akhila03/.m2/repository/io/micrometer/micrometer-commons/1.11.4/micrometer-commons-1.11.4.jar:/home/akhila03/.m2/repository/org/springframework/spring-webmvc/6.0.12/spring-webmvc-6.0.12.jar:/home/akhila03/.m2/repository/org/springframework/spring-aop/6.0.12/spring-aop-6.0.12.jar:/home/akhila03/.m2/repository/org/springframework/boot/spring-boot-starter-validation/3.1.4/spring-boot-starter-validation-3.1.4.jar:/home/akhila03/.m2/repository/org/apache/tomcat/embed/tomcat-embed-el/10.1.13/tomcat-embed-el-10.1.13.jar:/home/akhila03/.m2/repository/org/hibernate/validator/hibernate-validator/8.0.1.Final/hibernate-validator-8.0.1.Final.jar:/home/akhila03/.m2/repository/jakarta/validation/jakarta.validation-api/3.0.2/jakarta.validation-api-3.0.2.jar:/home/akhila03/.m2/repository/org/jboss/logging/jboss-logging/3.5.3.Final/jboss-logging-3.5.3.Final.jar:/home/akhila03/.m2/repository/com/fasterxml/classmate/1.5.1/classmate-1.5.1.jar:/home/akhila03/.m2/repository/de/flapdoodle/embed/de.flapdoodle.embed.mongo/3.0.0/de.flapdoodle.embed.mongo-3.0.0.jar:/home/akhila03/.m2/repository/de/flapdoodle/embed/de.flapdoodle.embed.process/3.0.1/de.flapdoodle.embed.process-3.0.1.jar:/home/akhila03/.m2/repository/org/apache/commons/commons-lang3/3.12.0/commons-lang3-3.12.0.jar:/home/akhila03/.m2/repository/org/apache/commons/commons-compress/1.20/commons-compress-1.20.jar:/home/akhila03/.m2/repository/net/java/dev/jna/jna/5.6.0/jna-5.6.0.jar:/home/akhila03/.m2/repository/net/java/dev/jna/jna-platform/5.6.0/jna-platform-5.6.0.jar:/home/akhila03/.m2/repository/org/projectlombok/lombok/1.18.30/lombok-1.18.30.jar:/home/akhila03/.m2/repository/org/springframework/boot/spring-boot-starter-test/3.1.4/spring-boot-starter-test-3.1.4.jar:/home/akhila03/.m2/repository/org/springframework/boot/spring-boot-test/3.1.4/spring-boot-test-3.1.4.jar:/home/akhila03/.m2/repository/org/springframework/boot/spring-boot-test-autoconfigure/3.1.4/spring-boot-test-autoconfigure-3.1.4.jar:/home/akhila03/.m2/repository/com/jayway/jsonpath/json-path/2.8.0/json-path-2.8.0.jar:/home/akhila03/.m2/repository/jakarta/xml/bind/jakarta.xml.bind-api/4.0.1/jakarta.xml.bind-api-4.0.1.jar:/home/akhila03/.m2/repository/jakarta/activation/jakarta.activation-api/2.1.2/jakarta.activation-api-2.1.2.jar:/home/akhila03/.m2/repository/net/minidev/json-smart/2.4.11/json-smart-2.4.11.jar:/home/akhila03/.m2/repository/net/minidev/accessors-smart/2.4.11/accessors-smart-2.4.11.jar:/home/akhila03/.m2/repository/org/ow2/asm/asm/9.3/asm-9.3.jar:/home/akhila03/.m2/repository/org/assertj/assertj-core/3.24.2/assertj-core-3.24.2.jar:/home/akhila03/.m2/repository/net/bytebuddy/byte-buddy/1.14.8/byte-buddy-1.14.8.jar:/home/akhila03/.m2/repository/org/hamcrest/hamcrest/2.2/hamcrest-2.2.jar:/home/akhila03/.m2/repository/org/junit/jupiter/junit-jupiter/5.9.3/junit-jupiter-5.9.3.jar:/home/akhila03/.m2/repository/org/junit/jupiter/junit-jupiter-api/5.9.3/junit-jupiter-api-5.9.3.jar:/home/akhila03/.m2/repository/org/opentest4j/opentest4j/1.2.0/opentest4j-1.2.0.jar:/home/akhila03/.m2/repository/org/junit/platform/junit-platform-commons/1.9.3/junit-platform-commons-1.9.3.jar:/home/akhila03/.m2/repository/org/apiguardian/apiguardian-api/1.1.2/apiguardian-api-1.1.2.jar:/home/akhila03/.m2/repository/org/junit/jupiter/junit-jupiter-params/5.9.3/junit-jupiter-params-5.9.3.jar:/home/akhila03/.m2/repository/org/junit/jupiter/junit-jupiter-engine/5.9.3/junit-jupiter-engine-5.9.3.jar:/home/akhila03/.m2/repository/org/junit/platform/junit-platform-engine/1.9.3/junit-platform-engine-1.9.3.jar:/home/akhila03/.m2/repository/org/mockito/mockito-core/5.3.1/mockito-core-5.3.1.jar:/home/akhila03/.m2/repository/net/bytebuddy/byte-buddy-agent/1.14.8/byte-buddy-agent-1.14.8.jar:/home/akhila03/.m2/repository/org/objenesis/objenesis/3.3/objenesis-3.3.jar:/home/akhila03/.m2/repository/org/mockito/mockito-junit-jupiter/5.3.1/mockito-junit-jupiter-5.3.1.jar:/home/akhila03/.m2/repository/org/skyscreamer/jsonassert/1.5.1/jsonassert-1.5.1.jar:/home/akhila03/.m2/repository/com/vaadin/external/google/android-json/0.0.20131108.vaadin1/android-json-0.0.20131108.vaadin1.jar:/home/akhila03/.m2/repository/org/springframework/spring-core/6.0.12/spring-core-6.0.12.jar:/home/akhila03/.m2/repository/org/springframework/spring-jcl/6.0.12/spring-jcl-6.0.12.jar:/home/akhila03/.m2/repository/org/springframework/spring-test/6.0.12/spring-test-6.0.12.jar:/home/akhila03/.m2/repository/org/xmlunit/xmlunit-core/2.9.1/xmlunit-core-2.9.1.jar:/home/akhila03/.m2/repository/javax/servlet/javax.servlet-api/4.0.1/javax.servlet-api-4.0.1.jar:"/>
    <property name="java.vm.vendor" value="Debian"/>
    <property name="sun.arch.data.model" value="64"/>
    <property name="java.vendor.url" value="https://tracker.debian.org/openjdk-17"/>
    <property name="catalina.useNaming" value="false"/>
    <property name="user.timezone" value="Asia/Calcutta"/>
    <property name="org.jboss.logging.provider" value="slf4j"/>
    <property name="os.name" value="Linux"/>
    <property name="java.vm.specification.version" value="17"/>
    <property name="sun.java.launcher" value="SUN_STANDARD"/>
    <property name="user.country" value="US"/>
    <property name="sun.boot.library.path" value="/usr/lib/jvm/java-17-openjdk-amd64/lib"/>
    <property name="sun.java.command" value="/home/akhila03/Downloads/CapstoneProject/Capstone/dashboard/target/surefire/surefirebooter-20231029045625488_3.jar /home/akhila03/Downloads/CapstoneProject/Capstone/dashboard/target/surefire 2023-10-29T04-56-25_399-jvmRun1 surefire-20231029045625488_1tmp surefire_0-20231029045625488_2tmp"/>
    <property name="jdk.debug" value="release"/>
    <property name="surefire.test.class.path" value="/home/akhila03/Downloads/CapstoneProject/Capstone/dashboard/target/test-classes:/home/akhila03/Downloads/CapstoneProject/Capstone/dashboard/target/classes:/home/akhila03/.m2/repository/org/slf4j/slf4j-api/2.0.9/slf4j-api-2.0.9.jar:/home/akhila03/.m2/repository/org/springdoc/springdoc-openapi-starter-webmvc-ui/2.2.0/springdoc-openapi-starter-webmvc-ui-2.2.0.jar:/home/akhila03/.m2/repository/org/springdoc/springdoc-openapi-starter-webmvc-api/2.2.0/springdoc-openapi-starter-webmvc-api-2.2.0.jar:/home/akhila03/.m2/repository/org/springdoc/springdoc-openapi-starter-common/2.2.0/springdoc-openapi-starter-common-2.2.0.jar:/home/akhila03/.m2/repository/io/swagger/core/v3/swagger-core-jakarta/2.2.15/swagger-core-jakarta-2.2.15.jar:/home/akhila03/.m2/repository/io/swagger/core/v3/swagger-annotations-jakarta/2.2.15/swagger-annotations-jakarta-2.2.15.jar:/home/akhila03/.m2/repository/io/swagger/core/v3/swagger-models-jakarta/2.2.15/swagger-models-jakarta-2.2.15.jar:/home/akhila03/.m2/repository/com/fasterxml/jackson/dataformat/jackson-dataformat-yaml/2.15.2/jackson-dataformat-yaml-2.15.2.jar:/home/akhila03/.m2/repository/org/webjars/swagger-ui/5.2.0/swagger-ui-5.2.0.jar:/home/akhila03/.m2/repository/org/springframework/boot/spring-boot-starter-data-mongodb/3.1.4/spring-boot-starter-data-mongodb-3.1.4.jar:/home/akhila03/.m2/repository/org/springframework/boot/spring-boot-starter/3.1.4/spring-boot-starter-3.1.4.jar:/home/akhila03/.m2/repository/org/springframework/boot/spring-boot/3.1.4/spring-boot-3.1.4.jar:/home/akhila03/.m2/repository/org/springframework/boot/spring-boot-autoconfigure/3.1.4/spring-boot-autoconfigure-3.1.4.jar:/home/akhila03/.m2/repository/org/springframework/boot/spring-boot-starter-logging/3.1.4/spring-boot-starter-logging-3.1.4.jar:/home/akhila03/.m2/repository/ch/qos/logback/logback-classic/1.4.11/logback-classic-1.4.11.jar:/home/akhila03/.m2/repository/ch/qos/logback/logback-core/1.4.11/logback-core-1.4.11.jar:/home/akhila03/.m2/repository/org/apache/logging/log4j/log4j-to-slf4j/2.20.0/log4j-to-slf4j-2.20.0.jar:/home/akhila03/.m2/repository/org/apache/logging/log4j/log4j-api/2.20.0/log4j-api-2.20.0.jar:/home/akhila03/.m2/repository/org/slf4j/jul-to-slf4j/2.0.9/jul-to-slf4j-2.0.9.jar:/home/akhila03/.m2/repository/jakarta/annotation/jakarta.annotation-api/2.1.1/jakarta.annotation-api-2.1.1.jar:/home/akhila03/.m2/repository/org/yaml/snakeyaml/1.33/snakeyaml-1.33.jar:/home/akhila03/.m2/repository/org/mongodb/mongodb-driver-sync/4.9.1/mongodb-driver-sync-4.9.1.jar:/home/akhila03/.m2/repository/org/mongodb/bson/4.9.1/bson-4.9.1.jar:/home/akhila03/.m2/repository/org/mongodb/mongodb-driver-core/4.9.1/mongodb-driver-core-4.9.1.jar:/home/akhila03/.m2/repository/org/mongodb/bson-record-codec/4.9.1/bson-record-codec-4.9.1.jar:/home/akhila03/.m2/repository/org/springframework/data/spring-data-mongodb/4.1.4/spring-data-mongodb-4.1.4.jar:/home/akhila03/.m2/repository/org/springframework/spring-tx/6.0.12/spring-tx-6.0.12.jar:/home/akhila03/.m2/repository/org/springframework/spring-context/6.0.12/spring-context-6.0.12.jar:/home/akhila03/.m2/repository/org/springframework/spring-beans/6.0.12/spring-beans-6.0.12.jar:/home/akhila03/.m2/repository/org/springframework/spring-expression/6.0.12/spring-expression-6.0.12.jar:/home/akhila03/.m2/repository/org/springframework/data/spring-data-commons/3.1.4/spring-data-commons-3.1.4.jar:/home/akhila03/.m2/repository/org/springframework/boot/spring-boot-starter-web/3.1.4/spring-boot-starter-web-3.1.4.jar:/home/akhila03/.m2/repository/org/springframework/boot/spring-boot-starter-json/3.1.4/spring-boot-starter-json-3.1.4.jar:/home/akhila03/.m2/repository/com/fasterxml/jackson/core/jackson-databind/2.15.2/jackson-databind-2.15.2.jar:/home/akhila03/.m2/repository/com/fasterxml/jackson/core/jackson-annotations/2.15.2/jackson-annotations-2.15.2.jar:/home/akhila03/.m2/repository/com/fasterxml/jackson/core/jackson-core/2.15.2/jackson-core-2.15.2.jar:/home/akhila03/.m2/repository/com/fasterxml/jackson/datatype/jackson-datatype-jdk8/2.15.2/jackson-datatype-jdk8-2.15.2.jar:/home/akhila03/.m2/repository/com/fasterxml/jackson/datatype/jackson-datatype-jsr310/2.15.2/jackson-datatype-jsr310-2.15.2.jar:/home/akhila03/.m2/repository/com/fasterxml/jackson/module/jackson-module-parameter-names/2.15.2/jackson-module-parameter-names-2.15.2.jar:/home/akhila03/.m2/repository/org/springframework/boot/spring-boot-starter-tomcat/3.1.4/spring-boot-starter-tomcat-3.1.4.jar:/home/akhila03/.m2/repository/org/apache/tomcat/embed/tomcat-embed-core/10.1.13/tomcat-embed-core-10.1.13.jar:/home/akhila03/.m2/repository/org/apache/tomcat/embed/tomcat-embed-websocket/10.1.13/tomcat-embed-websocket-10.1.13.jar:/home/akhila03/.m2/repository/org/springframework/spring-web/6.0.12/spring-web-6.0.12.jar:/home/akhila03/.m2/repository/io/micrometer/micrometer-observation/1.11.4/micrometer-observation-1.11.4.jar:/home/akhila03/.m2/repository/io/micrometer/micrometer-commons/1.11.4/micrometer-commons-1.11.4.jar:/home/akhila03/.m2/repository/org/springframework/spring-webmvc/6.0.12/spring-webmvc-6.0.12.jar:/home/akhila03/.m2/repository/org/springframework/spring-aop/6.0.12/spring-aop-6.0.12.jar:/home/akhila03/.m2/repository/org/springframework/boot/spring-boot-starter-validation/3.1.4/spring-boot-starter-validation-3.1.4.jar:/home/akhila03/.m2/repository/org/apache/tomcat/embed/tomcat-embed-el/10.1.13/tomcat-embed-el-10.1.13.jar:/home/akhila03/.m2/repository/org/hibernate/validator/hibernate-validator/8.0.1.Final/hibernate-validator-8.0.1.Final.jar:/home/akhila03/.m2/repository/jakarta/validation/jakarta.validation-api/3.0.2/jakarta.validation-api-3.0.2.jar:/home/akhila03/.m2/repository/org/jboss/logging/jboss-logging/3.5.3.Final/jboss-logging-3.5.3.Final.jar:/home/akhila03/.m2/repository/com/fasterxml/classmate/1.5.1/classmate-1.5.1.jar:/home/akhila03/.m2/repository/de/flapdoodle/embed/de.flapdoodle.embed.mongo/3.0.0/de.flapdoodle.embed.mongo-3.0.0.jar:/home/akhila03/.m2/repository/de/flapdoodle/embed/de.flapdoodle.embed.process/3.0.1/de.flapdoodle.embed.process-3.0.1.jar:/home/akhila03/.m2/repository/org/apache/commons/commons-lang3/3.12.0/commons-lang3-3.12.0.jar:/home/akhila03/.m2/repository/org/apache/commons/commons-compress/1.20/commons-compress-1.20.jar:/home/akhila03/.m2/repository/net/java/dev/jna/jna/5.6.0/jna-5.6.0.jar:/home/akhila03/.m2/repository/net/java/dev/jna/jna-platform/5.6.0/jna-platform-5.6.0.jar:/home/akhila03/.m2/repository/org/projectlombok/lombok/1.18.30/lombok-1.18.30.jar:/home/akhila03/.m2/repository/org/springframework/boot/spring-boot-starter-test/3.1.4/spring-boot-starter-test-3.1.4.jar:/home/akhila03/.m2/repository/org/springframework/boot/spring-boot-test/3.1.4/spring-boot-test-3.1.4.jar:/home/akhila03/.m2/repository/org/springframework/boot/spring-boot-test-autoconfigure/3.1.4/spring-boot-test-autoconfigure-3.1.4.jar:/home/akhila03/.m2/repository/com/jayway/jsonpath/json-path/2.8.0/json-path-2.8.0.jar:/home/akhila03/.m2/repository/jakarta/xml/bind/jakarta.xml.bind-api/4.0.1/jakarta.xml.bind-api-4.0.1.jar:/home/akhila03/.m2/repository/jakarta/activation/jakarta.activation-api/2.1.2/jakarta.activation-api-2.1.2.jar:/home/akhila03/.m2/repository/net/minidev/json-smart/2.4.11/json-smart-2.4.11.jar:/home/akhila03/.m2/repository/net/minidev/accessors-smart/2.4.11/accessors-smart-2.4.11.jar:/home/akhila03/.m2/repository/org/ow2/asm/asm/9.3/asm-9.3.jar:/home/akhila03/.m2/repository/org/assertj/assertj-core/3.24.2/assertj-core-3.24.2.jar:/home/akhila03/.m2/repository/net/bytebuddy/byte-buddy/1.14.8/byte-buddy-1.14.8.jar:/home/akhila03/.m2/repository/org/hamcrest/hamcrest/2.2/hamcrest-2.2.jar:/home/akhila03/.m2/repository/org/junit/jupiter/junit-jupiter/5.9.3/junit-jupiter-5.9.3.jar:/home/akhila03/.m2/repository/org/junit/jupiter/junit-jupiter-api/5.9.3/junit-jupiter-api-5.9.3.jar:/home/akhila03/.m2/repository/org/opentest4j/opentest4j/1.2.0/opentest4j-1.2.0.jar:/home/akhila03/.m2/repository/org/junit/platform/junit-platform-commons/1.9.3/junit-platform-commons-1.9.3.jar:/home/akhila03/.m2/repository/org/apiguardian/apiguardian-api/1.1.2/apiguardian-api-1.1.2.jar:/home/akhila03/.m2/repository/org/junit/jupiter/junit-jupiter-params/5.9.3/junit-jupiter-params-5.9.3.jar:/home/akhila03/.m2/repository/org/junit/jupiter/junit-jupiter-engine/5.9.3/junit-jupiter-engine-5.9.3.jar:/home/akhila03/.m2/repository/org/junit/platform/junit-platform-engine/1.9.3/junit-platform-engine-1.9.3.jar:/home/akhila03/.m2/repository/org/mockito/mockito-core/5.3.1/mockito-core-5.3.1.jar:/home/akhila03/.m2/repository/net/bytebuddy/byte-buddy-agent/1.14.8/byte-buddy-agent-1.14.8.jar:/home/akhila03/.m2/repository/org/objenesis/objenesis/3.3/objenesis-3.3.jar:/home/akhila03/.m2/repository/org/mockito/mockito-junit-jupiter/5.3.1/mockito-junit-jupiter-5.3.1.jar:/home/akhila03/.m2/repository/org/skyscreamer/jsonassert/1.5.1/jsonassert-1.5.1.jar:/home/akhila03/.m2/repository/com/vaadin/external/google/android-json/0.0.20131108.vaadin1/android-json-0.0.20131108.vaadin1.jar:/home/akhila03/.m2/repository/org/springframework/spring-core/6.0.12/spring-core-6.0.12.jar:/home/akhila03/.m2/repository/org/springframework/spring-jcl/6.0.12/spring-jcl-6.0.12.jar:/home/akhila03/.m2/repository/org/springframework/spring-test/6.0.12/spring-test-6.0.12.jar:/home/akhila03/.m2/repository/org/xmlunit/xmlunit-core/2.9.1/xmlunit-core-2.9.1.jar:/home/akhila03/.m2/repository/javax/servlet/javax.servlet-api/4.0.1/javax.servlet-api-4.0.1.jar:"/>
    <property name="sun.cpu.endian" value="little"/>
    <property name="user.home" value="/home/akhila03"/>
    <property name="user.language" value="en"/>
    <property name="java.specification.vendor" value="Oracle Corporation"/>
    <property name="java.version.date" value="2023-07-18"/>
    <property name="java.home" value="/usr/lib/jvm/java-17-openjdk-amd64"/>
    <property name="file.separator" value="/"/>
    <property name="basedir" value="/home/akhila03/Downloads/CapstoneProject/Capstone/dashboard"/>
    <property name="java.vm.compressedOopsMode" value="32-bit"/>
    <property name="line.separator" value="&#10;"/>
    <property name="java.vm.specification.vendor" value="Oracle Corporation"/>
    <property name="java.specification.name" value="Java Platform API Specification"/>
    <property name="FILE_LOG_CHARSET" value="UTF-8"/>
    <property name="java.awt.headless" value="true"/>
    <property name="surefire.real.class.path" value="/home/akhila03/Downloads/CapstoneProject/Capstone/dashboard/target/surefire/surefirebooter-20231029045625488_3.jar"/>
    <property name="sun.management.compiler" value="HotSpot 64-Bit Tiered Compilers"/>
    <property name="java.runtime.version" value="17.0.8+7-Debian-1deb12u1"/>
    <property name="user.name" value="akhila03"/>
    <property name="path.separator" value=":"/>
    <property name="os.version" value="5.15.90.1-microsoft-standard-WSL2"/>
    <property name="java.runtime.name" value="OpenJDK Runtime Environment"/>
    <property name="file.encoding" value="UTF-8"/>
    <property name="java.vm.name" value="OpenJDK 64-Bit Server VM"/>
    <property name="localRepository" value="/home/akhila03/.m2/repository"/>
    <property name="java.vendor.url.bug" value="https://bugs.debian.org/openjdk-17"/>
    <property name="java.io.tmpdir" value="/tmp"/>
    <property name="catalina.home" value="/tmp/tomcat.0.13014534248622013201"/>
    <property name="java.version" value="17.0.8"/>
    <property name="user.dir" value="/home/akhila03/Downloads/CapstoneProject/Capstone/dashboard"/>
    <property name="os.arch" value="amd64"/>
    <property name="java.vm.specification.name" value="Java Virtual Machine Specification"/>
    <property name="PID" value="189439"/>
    <property name="CONSOLE_LOG_CHARSET" value="UTF-8"/>
    <property name="catalina.base" value="/tmp/tomcat.0.13014534248622013201"/>
    <property name="native.encoding" value="UTF-8"/>
    <property name="java.library.path" value="/usr/java/packages/lib:/usr/lib/x86_64-linux-gnu/jni:/lib/x86_64-linux-gnu:/usr/lib/x86_64-linux-gnu:/usr/lib/jni:/lib:/usr/lib"/>
    <property name="java.vm.info" value="mixed mode, sharing"/>
    <property name="java.vendor" value="Debian"/>
    <property name="java.vm.version" value="17.0.8+7-Debian-1deb12u1"/>
    <property name="sun.io.unicode.encoding" value="UnicodeLittle"/>
    <property name="java.class.version" value="61.0"/>
  </properties>
  <testcase name="testCreateDataUsage" classname="com.example.dashboard.DashBoardControllerTests" time="0.088">
    <system-out><![CDATA[2023-10-29T04:56:33.714+05:30  INFO 189439 --- [           main] t.c.s.AnnotationConfigContextLoaderUtils : Could not detect default configuration classes for test class [com.example.dashboard.DashBoardControllerTests]: DashBoardControllerTests does not declare any static, non-private, non-final, nested classes annotated with @Configuration.
2023-10-29T04:56:33.728+05:30  INFO 189439 --- [           main] .b.t.c.SpringBootTestContextBootstrapper : Found @SpringBootConfiguration com.example.dashboard.DashboardApplication for test class com.example.dashboard.DashBoardControllerTests

  .   ____          _            __ _ _
 /\\ / ___'_ __ _ _(_)_ __  __ _ \ \ \ \
( ( )\___ | '_ | '_| | '_ \/ _` | \ \ \ \
 \\/  ___)| |_)| | | | | || (_| |  ) ) ) )
  '  |____| .__|_| |_|_| |_\__, | / / / /
 =========|_|==============|___/=/_/_/_/
 :: Spring Boot ::                (v3.1.4)

2023-10-29T04:56:33.754+05:30  INFO 189439 --- [           main] c.e.dashboard.DashBoardControllerTests   : Starting DashBoardControllerTests using Java 17.0.8 with PID 189439 (started by akhila03 in /home/akhila03/Downloads/CapstoneProject/Capstone/dashboard)
2023-10-29T04:56:33.754+05:30  INFO 189439 --- [           main] c.e.dashboard.DashBoardControllerTests   : No active profile set, falling back to 1 default profile: "default"
2023-10-29T04:56:33.945+05:30  INFO 189439 --- [           main] .s.d.r.c.RepositoryConfigurationDelegate : Bootstrapping Spring Data MongoDB repositories in DEFAULT mode.
2023-10-29T04:56:33.952+05:30  INFO 189439 --- [           main] .s.d.r.c.RepositoryConfigurationDelegate : Finished Spring Data repository scanning in 6 ms. Found 5 MongoDB repository interfaces.
2023-10-29T04:56:34.300+05:30  INFO 189439 --- [           main] org.mongodb.driver.client                : MongoClient with metadata {"driver": {"name": "mongo-java-driver|sync|spring-boot", "version": "4.9.1"}, "os": {"type": "Linux", "name": "Linux", "architecture": "amd64", "version": "5.15.90.1-microsoft-standard-WSL2"}, "platform": "Java/Debian/17.0.8+7-Debian-1deb12u1"} created with settings MongoClientSettings{readPreference=primary, writeConcern=WriteConcern{w=null, wTimeout=null ms, journal=null}, retryWrites=true, retryReads=true, readConcern=ReadConcern{level=null}, credential=null, streamFactoryFactory=null, commandListeners=[], codecRegistry=ProvidersCodecRegistry{codecProviders=[ValueCodecProvider{}, BsonValueCodecProvider{}, DBRefCodecProvider{}, DBObjectCodecProvider{}, DocumentCodecProvider{}, CollectionCodecProvider{}, IterableCodecProvider{}, MapCodecProvider{}, GeoJsonCodecProvider{}, GridFSFileCodecProvider{}, Jsr310CodecProvider{}, JsonObjectCodecProvider{}, BsonCodecProvider{}, EnumCodecProvider{}, com.mongodb.client.model.mql.ExpressionCodecProvider@6999dca2, com.mongodb.Jep395RecordCodecProvider@312af870]}, loggerSettings=LoggerSettings{maxDocumentLength=1000}, clusterSettings={hosts=[localhost:27017], srvServiceName=mongodb, mode=SINGLE, requiredClusterType=UNKNOWN, requiredReplicaSetName='null', serverSelector='null', clusterListeners='[]', serverSelectionTimeout='30000 ms', localThreshold='30000 ms'}, socketSettings=SocketSettings{connectTimeoutMS=10000, readTimeoutMS=0, receiveBufferSize=0, sendBufferSize=0}, heartbeatSocketSettings=SocketSettings{connectTimeoutMS=10000, readTimeoutMS=10000, receiveBufferSize=0, sendBufferSize=0}, connectionPoolSettings=ConnectionPoolSettings{maxSize=100, minSize=0, maxWaitTimeMS=120000, maxConnectionLifeTimeMS=0, maxConnectionIdleTimeMS=0, maintenanceInitialDelayMS=0, maintenanceFrequencyMS=60000, connectionPoolListeners=[], maxConnecting=2}, serverSettings=ServerSettings{heartbeatFrequencyMS=10000, minHeartbeatFrequencyMS=500, serverListeners='[]', serverMonitorListeners='[]'}, sslSettings=SslSettings{enabled=false, invalidHostNameAllowed=false, context=null}, applicationName='null', compressorList=[], uuidRepresentation=JAVA_LEGACY, serverApi=null, autoEncryptionSettings=null, contextProvider=null}
2023-10-29T04:56:34.301+05:30  INFO 189439 --- [localhost:27017] org.mongodb.driver.cluster               : Monitor thread successfully connected to server with description ServerDescription{address=localhost:27017, type=STANDALONE, state=CONNECTED, ok=true, minWireVersion=0, maxWireVersion=21, maxDocumentSize=16777216, logicalSessionTimeoutMinutes=30, roundTripTimeNanos=1271508}
2023-10-29T04:56:34.365+05:30  INFO 189439 --- [           main] o.s.b.t.m.w.SpringBootMockServletContext : Initializing Spring TestDispatcherServlet ''
2023-10-29T04:56:34.365+05:30  INFO 189439 --- [           main] o.s.t.web.servlet.TestDispatcherServlet  : Initializing Servlet ''
2023-10-29T04:56:34.366+05:30  INFO 189439 --- [           main] o.s.t.web.servlet.TestDispatcherServlet  : Completed initialization in 1 ms
2023-10-29T04:56:34.378+05:30  INFO 189439 --- [           main] c.e.dashboard.DashBoardControllerTests   : Started DashBoardControllerTests in 0.645 seconds (process running for 8.841)
]]></system-out>
  </testcase>
  <testcase name="testAddPlan" classname="com.example.dashboard.DashBoardControllerTests" time="0.015"/>
  <testcase name="testGetAllDataUsages" classname="com.example.dashboard.DashBoardControllerTests" time="0.01"/>
  <testcase name="testGetTotalRevenue" classname="com.example.dashboard.DashBoardControllerTests" time="0.009"/>
  <testcase name="testGetAllPlans" classname="com.example.dashboard.DashBoardControllerTests" time="0.007"/>
  <testcase name="testGetAllTexts" classname="com.example.dashboard.DashBoardControllerTests" time="0.007"/>
  <testcase name="testGetAverageCallDuration" classname="com.example.dashboard.DashBoardControllerTests" time="0.006"/>
  <testcase name="testCreateCallHistory" classname="com.example.dashboard.DashBoardControllerTests" time="0.012"/>
  <testcase name="testGetPlansByType" classname="com.example.dashboard.DashBoardControllerTests" time="0.008"/>
  <testcase name="testCountCallsInIntervals" classname="com.example.dashboard.DashBoardControllerTests" time="0.009"/>
  <testcase name="testCountPostpaidSubscribersByLocation" classname="com.example.dashboard.DashBoardControllerTests" time="0.007"/>
  <testcase name="testGetDataUsageByPhoneNumber" classname="com.example.dashboard.DashBoardControllerTests" time="0.011"/>
  <testcase name="testCreateSubscriber" classname="com.example.dashboard.DashBoardControllerTests" time="0.01"/>
  <testcase name="testCountPrepaidSubscribersByLocation" classname="com.example.dashboard.DashBoardControllerTests" time="0.006"/>
  <testcase name="testGetTotalRevenueForLocation" classname="com.example.dashboard.DashBoardControllerTests" time="0.005"/>
  <testcase name="testGetTotalSubscribers" classname="com.example.dashboard.DashBoardControllerTests" time="0.006"/>
  <testcase name="testGetAllCallHistories" classname="com.example.dashboard.DashBoardControllerTests" time="0.008"/>
  <testcase name="testGetPostpaidRevenueForLocation" classname="com.example.dashboard.DashBoardControllerTests" time="0.005"/>
  <testcase name="testGetCallHistoryWithDurations" classname="com.example.dashboard.DashBoardControllerTests" time="0.004"/>
  <testcase name="testGetTotalConsumedData" classname="com.example.dashboard.DashBoardControllerTests" time="0.004"/>
  <testcase name="testGetPostpaidRevenue" classname="com.example.dashboard.DashBoardControllerTests" time="0.003"/>
  <testcase name="testCreateText" classname="com.example.dashboard.DashBoardControllerTests" time="0.006"/>
  <testcase name="testGetTextsByPhoneNumber" classname="com.example.dashboard.DashBoardControllerTests" time="0.004"/>
  <testcase name="testGetPrepaidRevenue" classname="com.example.dashboard.DashBoardControllerTests" time="0.003"/>
  <testcase name="testCountTextsInIntervals" classname="com.example.dashboard.DashBoardControllerTests" time="0.003"/>
  <testcase name="testGetCallHistoryByPhoneNumber" classname="com.example.dashboard.DashBoardControllerTests" time="0.004"/>
  <testcase name="testGetPostpaidSubscribers" classname="com.example.dashboard.DashBoardControllerTests" time="0.003"/>
  <testcase name="testGetPrepaidSubscribers" classname="com.example.dashboard.DashBoardControllerTests" time="0.004"/>
  <testcase name="testGetPrepaidRevenueForLocation" classname="com.example.dashboard.DashBoardControllerTests" time="0.004"/>
  <testcase name="testCountSubscribersByPlanName" classname="com.example.dashboard.DashBoardControllerTests" time="0.004"/>
  <testcase name="testGetSubscriberCount" classname="com.example.dashboard.DashBoardControllerTests" time="0.003"/>
  <testcase name="testGetAllSubscribers" classname="com.example.dashboard.DashBoardControllerTests" time="0.004"/>
</testsuite>